  ConsultaAdmin.cpp
  ConsultaCiudad.cpp
  ConsultaCliente.cpp
  ConsultaMenu.cpp
  ConsultaPais.cpp
  ConsultaProducto.cpp
  ConsultaRestaurante.cpp
  EliminarAdmin.cpp
  EliminarCliente.cpp
  EliminarMenu.cpp
  EliminarPais.cpp
  EliminarRest.cpp
  InsertarAdmin.cpp
  InsertarCiudad.cpp
  InsertarCliente.cpp
  InsertarMenu.cpp
  InsertarPais.cpp
  InsertarProducto.cpp
  InsertarRest.cpp
  ModificarAdmin.cpp
  Generando código...
  Compilando...
  ModificarCiudad.cpp
  ModificarCliente.cpp
  ModificarCompra.cpp
  ModificarMenu.cpp
  ModificarPais.cpp
  ModificarProducto.cpp
  ModificarRest.cpp
  OpcionesAdmin.cpp
  OpcionesCiudad.cpp
  OpcionesClientes.cpp
  OpcionesMenu.cpp
  OpcionesPaises.cpp
  OpcionesProd.cpp
  OpcionesRest.cpp
  RegistrarCompra.cpp
  RegistrarCompra1.cpp
  ventana1.cpp
C:\Users\23jic\source\repos\TP3-ED\TP3.cpp(2646,24): warning C4244: '=': conversión de 'float' a 'int'; posible pérdida de datos
C:\Users\23jic\source\repos\TP3-ED\TP3.cpp(2649,24): warning C4244: '=': conversión de 'float' a 'int'; posible pérdida de datos
  VentanaLugares.cpp
  VentanaRest.cpp
  VentanaUsuarios.cpp
  Generando código...
  Compilando...
  VistaAdmin.cpp
  .NETFramework,Version=v4.7.2.AssemblyAttributes.cpp
  Generando código...
  ConsultaAdmin.obj : se encontró un módulo MSIL; vinculación incremental deshabilitada para MSIL; ejecutando vínculo completo
  InterfazTP3.vcxproj -> C:\Users\23jic\source\repos\TP3-ED\x64\Debug\InterfazTP3.exe
